  Checking Build System
  CMake does not need to re-run because C:/stxxl/build/CMakeFiles/generate.stamp is up-to-date.
  CMake does not need to re-run because C:/stxxl/build/lib/CMakeFiles/generate.stamp is up-to-date.
  CMake does not need to re-run because C:/stxxl/build/tools/CMakeFiles/generate.stamp is up-to-date.
  CMake does not need to re-run because C:/stxxl/build/tools/benchmarks/CMakeFiles/generate.stamp is up-to-date.
  CMake does not need to re-run because C:/stxxl/build/tools/extras/CMakeFiles/generate.stamp is up-to-date.
  CMake does not need to re-run because C:/stxxl/build/examples/CMakeFiles/generate.stamp is up-to-date.
  CMake does not need to re-run because C:/stxxl/build/examples/algo/CMakeFiles/generate.stamp is up-to-date.
  CMake does not need to re-run because C:/stxxl/build/examples/applications/CMakeFiles/generate.stamp is up-to-date.
  CMake does not need to re-run because C:/stxxl/build/examples/common/CMakeFiles/generate.stamp is up-to-date.
  CMake does not need to re-run because C:/stxxl/build/examples/containers/CMakeFiles/generate.stamp is up-to-date.
  CMake does not need to re-run because C:/stxxl/build/examples/stream/CMakeFiles/generate.stamp is up-to-date.
  CMake does not need to re-run because C:/stxxl/build/tests/CMakeFiles/generate.stamp is up-to-date.
  CMake does not need to re-run because C:/stxxl/build/tests/algo/CMakeFiles/generate.stamp is up-to-date.
  CMake does not need to re-run because C:/stxxl/build/tests/common/CMakeFiles/generate.stamp is up-to-date.
  CMake does not need to re-run because C:/stxxl/build/tests/containers/CMakeFiles/generate.stamp is up-to-date.
  CMake does not need to re-run because C:/stxxl/build/tests/containers/btree/CMakeFiles/generate.stamp is up-to-date.
  CMake does not need to re-run because C:/stxxl/build/tests/containers/hash_map/CMakeFiles/generate.stamp is up-to-date.
  CMake does not need to re-run because C:/stxxl/build/tests/io/CMakeFiles/generate.stamp is up-to-date.
  CMake does not need to re-run because C:/stxxl/build/tests/mng/CMakeFiles/generate.stamp is up-to-date.
  CMake does not need to re-run because C:/stxxl/build/tests/stream/CMakeFiles/generate.stamp is up-to-date.
  CMake does not need to re-run because C:/stxxl/build/local/CMakeFiles/generate.stamp is up-to-date.
