  Building Custom Rule C:/stxxl/tools/CMakeLists.txt
  CMake does not need to re-run because C:/stxxl/build/tools/CMakeFiles/generate.stamp is up-to-date.
  stxxl_tool.cpp
  create_files.cpp
  benchmark_disks.cpp
  benchmark_files.cpp
  benchmark_sort.cpp
C:\stxxl\include\stxxl/bits/containers/vector.h(59): warning C4458: declaration of 'pos' hides class member
  C:\stxxl\include\stxxl/bits/containers/vector.h(54): note: see declaration of 'stxxl::double_blocked_index<SizeType,4,262144>::pos'
          with
          [
              SizeType=stxxl::uint64
          ]
  C:\stxxl\include\stxxl/bits/containers/vector.h(60): note: while compiling class template member function 'void stxxl::double_blocked_index<SizeType,4,262144>::set(unsigned __int64)'
          with
          [
              SizeType=stxxl::uint64
          ]
  C:\stxxl\include\stxxl/bits/containers/vector.h(80): note: see reference to function template instantiation 'void stxxl::double_blocked_index<SizeType,4,262144>::set(unsigned __int64)' being compiled
          with
          [
              SizeType=stxxl::uint64
          ]
  C:\stxxl\include\stxxl/bits/containers/vector.h(314): note: see reference to class template instantiation 'stxxl::double_blocked_index<SizeType,4,262144>' being compiled
          with
          [
              SizeType=stxxl::uint64
          ]
  C:\stxxl\tools\benchmark_sort.cpp(150): note: see reference to class template instantiation 'stxxl::vector_iterator<stxxl::tuple<stxxl::uint32,stxxl::uint32,stxxl::Plug,stxxl::Plug,stxxl::Plug,stxxl::Plug>,stxxl::RC,unsigned __int64,stxxl::vector<ValueType,4,stxxl::lru_pager<8>,2097152,AllocStr,stxxl::uint64>::difference_type,2097152,stxxl::lru_pager<8>,4>' being compiled
          with
          [
              ValueType=pair32_type,
              AllocStr=stxxl::RC
          ]
  C:\stxxl\tools\benchmark_sort.cpp(132): note: while compiling class template member function 'BenchmarkSort<pair32_type,stxxl::random_number32>::BenchmarkSort(const char *,stxxl::uint64,stxxl::unsigned_type)'
  C:\stxxl\tools\benchmark_sort.cpp(217): note: see reference to function template instantiation 'BenchmarkSort<pair32_type,stxxl::random_number32>::BenchmarkSort(const char *,stxxl::uint64,stxxl::unsigned_type)' being compiled
  C:\stxxl\tools\benchmark_sort.cpp(217): note: see reference to class template instantiation 'BenchmarkSort<pair32_type,stxxl::random_number32>' being compiled
C:\stxxl\include\stxxl/bits/algo/sort.h(580): warning C4456: declaration of 'i' hides previous local declaration
  C:\stxxl\include\stxxl/bits/algo/sort.h(531): note: see declaration of 'i'
  C:\stxxl\include\stxxl/bits/algo/sort.h(751): note: see reference to function template instantiation 'stxxl::simple_vector<stxxl::sort_helper::trigger_entry<stxxl::typed_block<2097152,ValueType,0,void>,ValueType>> *stxxl::sort_local::sort_blocks<block_type,alloc_strategy_type,bids_container_iterator,StrictWeakOrdering>(InputBidIterator,stxxl::unsigned_type,stxxl::unsigned_type,ValueCmp)' being compiled
          with
          [
              ValueType=struct64_type,
              StrictWeakOrdering=BenchmarkSort<struct64_type,stxxl::random_number32>::value_less,
              InputBidIterator=bids_container_iterator,
              ValueCmp=BenchmarkSort<struct64_type,stxxl::random_number32>::value_less
          ]
  C:\stxxl\tools\benchmark_sort.cpp(159): note: see reference to function template instantiation 'void stxxl::sort<stxxl::vector_iterator<struct64_type,stxxl::RC,unsigned __int64,stxxl::vector<ValueType,4,stxxl::lru_pager<8>,2097152,AllocStr,stxxl::uint64>::difference_type,2097152,stxxl::lru_pager<8>,4>,BenchmarkSort<ValueType,stxxl::random_number32>::value_less>(ExtIterator,ExtIterator,StrictWeakOrdering,stxxl::unsigned_type)' being compiled
          with
          [
              ValueType=struct64_type,
              AllocStr=stxxl::RC,
              ExtIterator=stxxl::vector_iterator<struct64_type,stxxl::RC,unsigned __int64,stxxl::vector<struct64_type,4,stxxl::lru_pager<8>,2097152,stxxl::RC,stxxl::uint64>::difference_type,2097152,stxxl::lru_pager<8>,4>,
              StrictWeakOrdering=BenchmarkSort<struct64_type,stxxl::random_number32>::value_less
          ]
C:\stxxl\include\stxxl/bits/algo/sort.h(592): warning C4456: declaration of 'i' hides previous local declaration
  C:\stxxl\include\stxxl/bits/algo/sort.h(531): note: see declaration of 'i'
C:\stxxl\include\stxxl/bits/algo/ksort.h(625): warning C4456: declaration of 'i' hides previous local declaration
  C:\stxxl\include\stxxl/bits/algo/ksort.h(555): note: see declaration of 'i'
  C:\stxxl\include\stxxl/bits/algo/ksort.h(801): note: see reference to function template instantiation 'stxxl::simple_vector<stxxl::ksort_local::trigger_entry<stxxl::BID<2097152>,unsigned __int64>> *stxxl::ksort_local::ksort_blocks<block_type,alloc_strategy_type,bids_container_iterator,KeyExtractor>(InputBidIterator,stxxl::unsigned_type,stxxl::unsigned_type,KeyExtractor)' being compiled
          with
          [
              KeyExtractor=BenchmarkSort<struct64_type,stxxl::random_number32>::value_key_second,
              InputBidIterator=bids_container_iterator
          ]
  C:\stxxl\tools\benchmark_sort.cpp(168): note: see reference to function template instantiation 'void stxxl::ksort<stxxl::vector_iterator<struct64_type,stxxl::RC,unsigned __int64,stxxl::vector<ValueType,4,stxxl::lru_pager<8>,2097152,AllocStr,stxxl::uint64>::difference_type,2097152,stxxl::lru_pager<8>,4>,BenchmarkSort<ValueType,stxxl::random_number32>::value_key_second>(ExtIterator,ExtIterator,KeyExtractor,stxxl::unsigned_type)' being compiled
          with
          [
              ValueType=struct64_type,
              AllocStr=stxxl::RC,
              ExtIterator=stxxl::vector_iterator<struct64_type,stxxl::RC,unsigned __int64,stxxl::vector<struct64_type,4,stxxl::lru_pager<8>,2097152,stxxl::RC,stxxl::uint64>::difference_type,2097152,stxxl::lru_pager<8>,4>,
              KeyExtractor=BenchmarkSort<struct64_type,stxxl::random_number32>::value_key_second
          ]
C:\stxxl\include\stxxl/bits/algo/ksort.h(637): warning C4456: declaration of 'i' hides previous local declaration
  C:\stxxl\include\stxxl/bits/algo/ksort.h(555): note: see declaration of 'i'
  benchmark_disks_random.cpp
  benchmark_pqueue.cpp
C:\Program Files (x86)\Microsoft Visual Studio\2017\Community\VC\Tools\MSVC\14.16.27023\include\hash_map(17): fatal error C1189: #error:  <hash_map> is deprecated and will be REMOVED. Please use <unordered_map>. You can define _SILENCE_STDEXT_HASH_DEPRECATION_WARNINGS to acknowledge that you have received this warning.
  mlock.cpp
  mallinfo.cpp
  Generating Code...
